[    1309ms] [INFO] %cDownload the React DevTools for a better development experience: https://react.dev/link/react-devtools font-weight:bold @ http://localhost:3098/_next/static/chunks/node_modules_next_dist_115brz8._.js:2431
[    1340ms] [LOG] [HMR] connected @ http://localhost:3098/_next/static/chunks/node_modules_next_dist_115brz8._.js:2431
[    1540ms] [LOG] [Fast Refresh] rebuilding @ http://localhost:3098/_next/static/chunks/node_modules_next_dist_115brz8._.js:2431
[    1544ms] [LOG] [Fast Refresh] done in 109ms @ http://localhost:3098/_next/static/chunks/node_modules_next_dist_115brz8._.js:2431
[   27457ms] [INFO] %cDownload the React DevTools for a better development experience: https://react.dev/link/react-devtools font-weight:bold @ http://localhost:3098/_next/static/chunks/node_modules_next_dist_115brz8._.js:2431
[   27479ms] [LOG] [HMR] connected @ http://localhost:3098/_next/static/chunks/node_modules_next_dist_115brz8._.js:2431
[   46815ms] [INFO] %cDownload the React DevTools for a better development experience: https://react.dev/link/react-devtools font-weight:bold @ http://localhost:3098/_next/static/chunks/node_modules_next_dist_115brz8._.js:2431
[   46842ms] [LOG] [HMR] connected @ http://localhost:3098/_next/static/chunks/node_modules_next_dist_115brz8._.js:2431
[   50615ms] [INFO] %cDownload the React DevTools for a better development experience: https://react.dev/link/react-devtools font-weight:bold @ http://localhost:3098/_next/static/chunks/node_modules_next_dist_115brz8._.js:2431
[   50633ms] [LOG] [HMR] connected @ http://localhost:3098/_next/static/chunks/node_modules_next_dist_115brz8._.js:2431
[   54440ms] [INFO] %cDownload the React DevTools for a better development experience: https://react.dev/link/react-devtools font-weight:bold @ http://localhost:3098/_next/static/chunks/node_modules_next_dist_115brz8._.js:2431
[   54461ms] [LOG] [HMR] connected @ http://localhost:3098/_next/static/chunks/node_modules_next_dist_115brz8._.js:2431
[   78548ms] [INFO] %cDownload the React DevTools for a better development experience: https://react.dev/link/react-devtools font-weight:bold @ http://localhost:3098/_next/static/chunks/node_modules_next_dist_115brz8._.js:2431
[   78574ms] [LOG] [HMR] connected @ http://localhost:3098/_next/static/chunks/node_modules_next_dist_115brz8._.js:2431
[   82461ms] [INFO] %cDownload the React DevTools for a better development experience: https://react.dev/link/react-devtools font-weight:bold @ http://localhost:3098/_next/static/chunks/node_modules_next_dist_115brz8._.js:2431
[   82486ms] [LOG] [HMR] connected @ http://localhost:3098/_next/static/chunks/node_modules_next_dist_115brz8._.js:2431
[   86305ms] [INFO] %cDownload the React DevTools for a better development experience: https://react.dev/link/react-devtools font-weight:bold @ http://localhost:3098/_next/static/chunks/node_modules_next_dist_115brz8._.js:2431
[   86326ms] [LOG] [HMR] connected @ http://localhost:3098/_next/static/chunks/node_modules_next_dist_115brz8._.js:2431
[   90616ms] [INFO] %cDownload the React DevTools for a better development experience: https://react.dev/link/react-devtools font-weight:bold @ http://localhost:3098/_next/static/chunks/node_modules_next_dist_115brz8._.js:2431
[   90638ms] [LOG] [HMR] connected @ http://localhost:3098/_next/static/chunks/node_modules_next_dist_115brz8._.js:2431
[   94456ms] [INFO] %cDownload the React DevTools for a better development experience: https://react.dev/link/react-devtools font-weight:bold @ http://localhost:3098/_next/static/chunks/node_modules_next_dist_115brz8._.js:2431
[   94475ms] [LOG] [HMR] connected @ http://localhost:3098/_next/static/chunks/node_modules_next_dist_115brz8._.js:2431
[   98219ms] [INFO] %cDownload the React DevTools for a better development experience: https://react.dev/link/react-devtools font-weight:bold @ http://localhost:3098/_next/static/chunks/node_modules_next_dist_115brz8._.js:2431
[   98239ms] [LOG] [HMR] connected @ http://localhost:3098/_next/static/chunks/node_modules_next_dist_115brz8._.js:2431
